Array
(
    [nome] => a
    [genero] => feminino
    [apelido] => a
    [cpf] => 554.326.226-62
    [dataNascimento] => 12/11/2024
    [email] => sdasf@gmail
    [telefone] => (42) 14144-1412
    [senha] => 12345678
    [senhaconfirm] => 12345678
    [declaracao] => on
)
Array
(
    [nome] => aa
    [genero] => masculino
    [apelido] => aaa
    [cpf] => 444.444.444-44
    [dataNascimento] => 28/10/2024
    [email] => w@gmail.com
    [telefone] => (55) 55555-5555
    [senha] => 12345678
    [senhaconfirm] => 12345678
    [declaracao] => on
)
